Matplotlib is building the font cache; this may take a moment.
Started iteration:  biased_diff_DPAH
Started iteration:  biased_diff_cl
Started iteration:  biased_same_DPAH
Started iteration:  biased_same_cl
Started iteration:  bridge_diff_DPAH
Started iteration:  bridge_diff_cl
Started iteration:  bridge_same_DPAH
Started iteration:  bridge_same_cl
Started iteration:  node2vec_None_DPAH
multiprocessing.pool.RemoteTraceback: 
"""
Traceback (most recent call last):
  File "/usr/lib/python3.11/multiprocessing/pool.py", line 125, in worker
    result = (True, func(*args, **kwds))
                    ^^^^^^^^^^^^^^^^^^^
  File "/usr/lib/python3.11/multiprocessing/pool.py", line 51, in starmapstar
    return list(itertools.starmap(args[0], args[1]))
           ^^^^^^^^^^^^^^^^^^^^^^^^^^^^^^^^^^^^^^^^^
  File "/home/joe/Rewiring-Collective-Action/Analysis/models_checks_updated.py", line 164, in simulate
    res = model.runSim(args["timesteps"], clusters=True, drawModel=args["plot"], gifname= 'trialtrial') ## gifname provide a gif name if you want a gif animation, need to specify time stamps later on
          ^^^^^^^^^^^^^^^^^^^^^^^^^^^^^^^^^^^^^^^^^^^^^^^^^^^^^^^^^^^^^^^^^^^^^^^^^^^^^^^^^^^^^^^^^^^^^
  File "/home/joe/Rewiring-Collective-Action/Analysis/models_checks_updated.py", line 993, in runSim
    self.train_node2vec()
  File "/home/joe/Rewiring-Collective-Action/Analysis/models_checks_updated.py", line 656, in train_node2vec
    n2v.run_node2vec(self.node2vec_executable, input_file, output_file)
  File "/home/joe/Rewiring-Collective-Action/Auxillary/node2vec_cpp.py", line 57, in run_node2vec
    subprocess.run(command, check=True, stdout=subprocess.DEVNULL, stderr=subprocess.DEVNULL)
  File "/usr/lib/python3.11/subprocess.py", line 548, in run
    with Popen(*popenargs, **kwargs) as process:
         ^^^^^^^^^^^^^^^^^^^^^^^^^^^
  File "/usr/lib/python3.11/subprocess.py", line 1024, in __init__
    self._execute_child(args, executable, preexec_fn, close_fds,
  File "/usr/lib/python3.11/subprocess.py", line 1901, in _execute_child
    raise child_exception_type(errno_num, err_msg, err_filename)
PermissionError: [Errno 13] Permission denied: '/home/joe/Rewiring-Collective-Action/Auxillary/node2vec.exe'
"""

The above exception was the direct cause of the following exception:

Traceback (most recent call last):
  File "/home/joe/Rewiring-Collective-Action/Analysis/run.py", line 130, in <module>
    sim = pool.starmap(models_checks.simulate, zip(range(numberOfSimulations), repeat(argList[j])))#, repeat(lock)))
          ^^^^^^^^^^^^^^^^^^^^^^^^^^^^^^^^^^^^^^^^^^^^^^^^^^^^^^^^^^^^^^^^^^^^^^^^^^^^^^^^^^^^^^^^^
  File "/usr/lib/python3.11/multiprocessing/pool.py", line 375, in starmap
    return self._map_async(func, iterable, starmapstar, chunksize).get()
           ^^^^^^^^^^^^^^^^^^^^^^^^^^^^^^^^^^^^^^^^^^^^^^^^^^^^^^^^^^^^^
  File "/usr/lib/python3.11/multiprocessing/pool.py", line 774, in get
    raise self._value
PermissionError: [Errno 13] Permission denied: '/home/joe/Rewiring-Collective-Action/Auxillary/node2vec.exe'
Exception ignored in: <function Pool.__del__ at 0x7f0ae1664d60>
Traceback (most recent call last):
  File "/usr/lib/python3.11/multiprocessing/pool.py", line 271, in __del__
  File "/usr/lib/python3.11/multiprocessing/queues.py", line 371, in put
AttributeError: 'NoneType' object has no attribute 'dumps'
Traceback (most recent call last):
  File "/home/joe/Rewiring-Collective-Action/Analysis/run.py", line 23, in <module>
    import matplotlib
ModuleNotFoundError: No module named 'matplotlib'
Traceback (most recent call last):
  File "/home/joe/Rewiring-Collective-Action/Analysis/run.py", line 23, in <module>
    import matplotlib
ModuleNotFoundError: No module named 'matplotlib'
Started iteration:  biased_diff_DPAH
Started iteration:  biased_diff_cl
Started iteration:  biased_same_DPAH
Started iteration:  biased_same_cl
Started iteration:  bridge_diff_DPAH
Started iteration:  bridge_diff_cl
Started iteration:  bridge_same_DPAH
Started iteration:  bridge_same_cl
Started iteration:  node2vec_None_DPAH
multiprocessing.pool.RemoteTraceback: 
"""
Traceback (most recent call last):
  File "/usr/lib/python3.11/multiprocessing/pool.py", line 125, in worker
    result = (True, func(*args, **kwds))
                    ^^^^^^^^^^^^^^^^^^^
  File "/usr/lib/python3.11/multiprocessing/pool.py", line 51, in starmapstar
    return list(itertools.starmap(args[0], args[1]))
           ^^^^^^^^^^^^^^^^^^^^^^^^^^^^^^^^^^^^^^^^^
  File "/home/joe/Rewiring-Collective-Action/Analysis/models_checks_updated.py", line 164, in simulate
    res = model.runSim(args["timesteps"], clusters=True, drawModel=args["plot"], gifname= 'trialtrial') ## gifname provide a gif name if you want a gif animation, need to specify time stamps later on
          ^^^^^^^^^^^^^^^^^^^^^^^^^^^^^^^^^^^^^^^^^^^^^^^^^^^^^^^^^^^^^^^^^^^^^^^^^^^^^^^^^^^^^^^^^^^^^
  File "/home/joe/Rewiring-Collective-Action/Analysis/models_checks_updated.py", line 993, in runSim
    self.train_node2vec()
  File "/home/joe/Rewiring-Collective-Action/Analysis/models_checks_updated.py", line 656, in train_node2vec
    n2v.run_node2vec(self.node2vec_executable, input_file, output_file)
  File "/home/joe/Rewiring-Collective-Action/Auxillary/node2vec_cpp.py", line 57, in run_node2vec
    subprocess.run(command, check=True, stdout=subprocess.DEVNULL, stderr=subprocess.DEVNULL)
  File "/usr/lib/python3.11/subprocess.py", line 548, in run
    with Popen(*popenargs, **kwargs) as process:
         ^^^^^^^^^^^^^^^^^^^^^^^^^^^
  File "/usr/lib/python3.11/subprocess.py", line 1024, in __init__
    self._execute_child(args, executable, preexec_fn, close_fds,
  File "/usr/lib/python3.11/subprocess.py", line 1901, in _execute_child
    raise child_exception_type(errno_num, err_msg, err_filename)
OSError: [Errno 8] Exec format error: '/home/joe/Rewiring-Collective-Action/Auxillary/node2vec.exe'
"""

The above exception was the direct cause of the following exception:

Traceback (most recent call last):
  File "/home/joe/Rewiring-Collective-Action/Analysis/run.py", line 130, in <module>
    sim = pool.starmap(models_checks.simulate, zip(range(numberOfSimulations), repeat(argList[j])))#, repeat(lock)))
          ^^^^^^^^^^^^^^^^^^^^^^^^^^^^^^^^^^^^^^^^^^^^^^^^^^^^^^^^^^^^^^^^^^^^^^^^^^^^^^^^^^^^^^^^^
  File "/usr/lib/python3.11/multiprocessing/pool.py", line 375, in starmap
    return self._map_async(func, iterable, starmapstar, chunksize).get()
           ^^^^^^^^^^^^^^^^^^^^^^^^^^^^^^^^^^^^^^^^^^^^^^^^^^^^^^^^^^^^^
  File "/usr/lib/python3.11/multiprocessing/pool.py", line 774, in get
    raise self._value
OSError: [Errno 8] Exec format error: '/home/joe/Rewiring-Collective-Action/Auxillary/node2vec.exe'
Exception ignored in: <function Pool.__del__ at 0x7f0b656645e0>
Traceback (most recent call last):
  File "/usr/lib/python3.11/multiprocessing/pool.py", line 271, in __del__
  File "/usr/lib/python3.11/multiprocessing/queues.py", line 371, in put
AttributeError: 'NoneType' object has no attribute 'dumps'
Started iteration:  biased_diff_DPAH
Started iteration:  biased_diff_cl
Started iteration:  biased_same_DPAH
Started iteration:  biased_same_cl
Started iteration:  bridge_diff_DPAH
Started iteration:  bridge_diff_cl
Started iteration:  bridge_same_DPAH
Started iteration:  bridge_same_cl
Started iteration:  node2vec_None_DPAH
Started iteration:  node2vec_None_cl
Started iteration:  wtf_None_DPAH
Runtime is complete: 10667 mins 40.432748794555664s

  File "/home/joe/Rewiring-Collective-Action/Analysis/run.py", line 163
    out_list_df.to_csv(f'../Output/default_run_all_new_N_{nwsize}.csv')
    ^
IndentationError: expected an indented block after 'try' statement on line 162
Started iteration:  biased_diff_DPAH
Started iteration:  biased_diff_cl
Started iteration:  biased_same_DPAH
Started iteration:  biased_same_cl
Started iteration:  bridge_diff_DPAH
Started iteration:  bridge_diff_cl
Started iteration:  bridge_same_DPAH
Started iteration:  bridge_same_cl
Started iteration:  node2vec_None_DPAH
Started iteration:  node2vec_None_cl
Started iteration:  wtf_None_DPAH
Runtime is complete:  3503 mins 28.52672266960144s

Started iteration:  biased_diff_DPAH
algorithim run is complete:     3 mins 59.31703162193298s

Started iteration:  biased_diff_cl
algorithim run is complete:     5 mins 52.58334493637085s

Started iteration:  biased_same_DPAH
algorithim run is complete:     8 mins 58.08666706085205s

Started iteration:  biased_same_cl
algorithim run is complete:    10 mins 57.25597596168518s

Started iteration:  bridge_diff_DPAH
algorithim run is complete:    13 mins 11.181603908538818s

Started iteration:  bridge_diff_cl
algorithim run is complete:    16 mins 44.03799033164978s

Started iteration:  bridge_same_DPAH
algorithim run is complete:    19 mins 7.73600959777832s

Started iteration:  bridge_same_cl
algorithim run is complete:    22 mins 47.425010442733765s

Started iteration:  node2vec_None_DPAH
multiprocessing.pool.RemoteTraceback: 
"""
Traceback (most recent call last):
  File "/usr/lib/python3.11/multiprocessing/pool.py", line 125, in worker
    result = (True, func(*args, **kwds))
                    ^^^^^^^^^^^^^^^^^^^
  File "/usr/lib/python3.11/multiprocessing/pool.py", line 51, in starmapstar
    return list(itertools.starmap(args[0], args[1]))
           ^^^^^^^^^^^^^^^^^^^^^^^^^^^^^^^^^^^^^^^^^
  File "/home/joe/Rewiring-Collective-Action/Analysis/models_checks_updated.py", line 164, in simulate
    res = model.runSim(args["timesteps"], clusters=True, drawModel=args["plot"], gifname= 'trialtrial') ## gifname provide a gif name if you want a gif animation, need to specify time stamps later on
          ^^^^^^^^^^^^^^^^^^^^^^^^^^^^^^^^^^^^^^^^^^^^^^^^^^^^^^^^^^^^^^^^^^^^^^^^^^^^^^^^^^^^^^^^^^^^^
  File "/home/joe/Rewiring-Collective-Action/Analysis/models_checks_updated.py", line 1016, in runSim
    nodeIndex = self.interact()
                ^^^^^^^^^^^^^^^
  File "/home/joe/Rewiring-Collective-Action/Analysis/models_checks_updated.py", line 304, in interact
    self.call_algo(nodeIndex)
  File "/home/joe/Rewiring-Collective-Action/Analysis/models_checks_updated.py", line 735, in call_node2vec
    self.node2vec_rewire(nodeIndex)
  File "/home/joe/Rewiring-Collective-Action/Analysis/models_checks_updated.py", line 685, in node2vec_rewire
    similar_neighbours = np.array([x for x, y in get_similar_agents(nodeIndex)])
                                                 ^^^^^^^^^^^^^^^^^^^^^^^^^^^^^
  File "/home/joe/Rewiring-Collective-Action/Analysis/models_checks_updated.py", line 674, in get_similar_agents
    target_vec = self.embeddings[nodeIndex]
                 ~~~~~~~~~~~~~~~^^^^^^^^^^^
KeyError: 267
"""

The above exception was the direct cause of the following exception:

Traceback (most recent call last):
  File "/home/joe/Rewiring-Collective-Action/Analysis/run.py", line 132, in <module>
    sim = pool.starmap(models_checks.simulate, zip(range(numberOfSimulations), repeat(argList[j])))#, repeat(lock)))
          ^^^^^^^^^^^^^^^^^^^^^^^^^^^^^^^^^^^^^^^^^^^^^^^^^^^^^^^^^^^^^^^^^^^^^^^^^^^^^^^^^^^^^^^^^
  File "/usr/lib/python3.11/multiprocessing/pool.py", line 375, in starmap
    return self._map_async(func, iterable, starmapstar, chunksize).get()
           ^^^^^^^^^^^^^^^^^^^^^^^^^^^^^^^^^^^^^^^^^^^^^^^^^^^^^^^^^^^^^
  File "/usr/lib/python3.11/multiprocessing/pool.py", line 774, in get
    raise self._value
KeyError: 267
Debug: Line causing issue: 105 -0.368216 -1.19478 -0.662415 -0.205543 1.58578 0.327645 -0.445864 0.000337778 0.265447 -0.482801 -1.28695 1.2008 -0.377374 0.120458 -0.0415842 -0.172791 -0.091639 -0.0857271 -0.122922 -0.187425 0.0893551 0.085568 -0.0980919 0.0384834 0.0503407 0.142131 0.0311254 -0.217592 0.00535615 0.0417067 0.020185 0.00162573 -0.0114038 0.0437648 -0.00155 0.0302989 -0.0195388 -0.0241117 0.0580548 -0.00079386 -0.006748 0.0290789 -0.0120603 0.00437026 -0.00587675 0.00149188 0.0217614 -0.0640686 0.0862529 -0.0100614 -0.0193413 -0.0250965 -0.040134 0.0333365 -0.0183122 -0.0169936 0.0132977 -0.0309162 0.0420541 0.0450184 09066 -0.133295 -0.0720169 0.166414 -0.0686305 0.0346193 -0.101097 -0.0157935 0.0166883 0.00371432 0.00968246 -0.0242402 0.121441 0.0236463 -0.00306568 -0.0336927 -0.0797929 0.0352512 0.0308828 -0.0796994 -0.0035125 0.0595807 0.0155437 -0.0269179 -0.0613941 -0.0601205 0.0311702 -0.0567161 -0.0282279 0.0360889 0.0136686 0.062265 -0.0268848 0.00429914 -0.00345914 0.0717294 0.00350927 -0.00686787 0.0120893 0.0241375 -0.0261788 -0.00254565 -0.00411159 0.00277485 0.0252834 0.0306583 -0.0311917 -0.096762
Debug: Line causing issue: 67 -1.18337 -0.0846738 -1.1965 -0.591065 1.03468 0.849862 0.168735 0.364617 -0.999843 -0.135118 0.908528 -0.765194 0.100379 -0.6192675 0.00587588 -0.00639472 -0.00327021 0.00185442
Debug: Line causing issue: 454 0.728527 -0.375326 -2.00561 0.244213 -0.116442 -0.0277196 -0.0211342 -0.659654 0.0718676 1.11626 0.233351 0.70288 0.00310469 -0
Debug: Line causing issue: 67 -1.18337 -0.0846738 -1.1965 -0.591065 1.03468 0.849862 0.168735 0.364617 -0.999843 -0.135118 0.908528 -0.765194 0.100379 -0.6192675 0.00587588 -0.00639472 -0.00327021 0.00185442
Debug: Line causing issue: 410 -2.37713 1.84092 -1.08553 -0.0314416 0.244369 0.332954 0.404994 0.142113 -0.459331 -0.812057 0.675745 0.753776 0.522657 -0.354645 -0.35714 0.0228283 0.0757299 -0.778111 -0.127416 0.0275674 -0.137141 -0.518929 -0.13731 -0.147419 -0.0287814 0.0344421 0.0253928 -0.0
Debug: Line causing issue: 0124902 0.00382445 -0.0047001 -0.00764602 -0.0150912 0.0291675 -0.0404627 -0.00133826 0.0545449 0.0104202 -0.0294188 -0.0697194 0.00424661 -0.163629 -0.0882172 0.0345669 0.074888 -0.0609609 0.0966205 0.0410355 0.0544772 0.13651 0.00806682 -0.0120347 -0.00389977 0.08708 0.0140413 0.0286348 -0.127064 -0.0441742 -0.00898179
Debug: Line causing issue: 86 -0.737763 -0.374338 -2.11299 0.521455 -1.43501 -1.41134 0.953202 0.291429 0.660312 -0.214941 -0.0585856 0.551899 0.024688 0.0448332 -0.0336992 0.172111 -0.0465723 -0.00929599 0.0117551 0.0292984 0.0684874 -0.135045 0.109572 -0.169637 0.17075 -0.018796 -0.241992 0.172774 0.0201431 0.185747 0.00808152 0.109585 0.172079 -0.00232384 -0.181831 -0.0823976 -0.0711549 0.115357 0.115956 0.00107317 -0.0487996 0.00201552 0.0399124 16 -0.177509 0.048347 -0.0213989 -0.0429655 0.209267 0.0911826 -0.098536 0.212472 0.0157506 0.226205 -0.251511 -0.086365 0.0976842 -0.0685479 -0.0310473 -0.112767 0.126682 -0.0365991 -0.047078 -0.0208501 0.0852575 0.00722585 0.110015 -0.187282 0.0837618 0.0566183 -6.22765e-06 0.00999565 0.0331235 -0.0213283 0.0172006 0.0138026 -0.0362853 0.0086656 0.00507038 0.00419751 -0.00114797 0.00671047 0.0101103 0.000635175 0.0112043 -0.00235573 -0.0573169 -0.0114944 0.00778804 -0.0051316 -0.000409785 0.00131395 -0.0141419 0.00344411 -0.0175785
Debug: Line causing issue: 86 -0.737763 -0.374338 -2.11299 0.521455 -1.43501 -1.41134 0.953202 0.291429 0.660312 -0.214941 -0.0585856 0.551899 0.024688 0.0448332 -0.0336992 0.172111 -0.0465723 -0.00929599 0.0117551 0.0292984 0.0684874 -0.135045 0.109572 -0.169637 0.17075 -0.018796 -0.241992 0.172774 0.0201431 0.185747 0.00808152 0.109585 0.172079 -0.00232384 -0.181831 -0.0823976 -0.0711549 0.115357 0.115956 0.00107317 -0.0487996 0.00201552 0.0399124 16 -0.177509 0.048347 -0.0213989 -0.0429655 0.209267 0.0911826 -0.098536 0.212472 0.0157506 0.226205 -0.251511 -0.086365 0.0976842 -0.0685479 -0.0310473 -0.112767 0.126682 -0.0365991 -0.047078 -0.0208501 0.0852575 0.00722585 0.110015 -0.187282 0.0837618 0.0566183 -6.22765e-06 0.00999565 0.0331235 -0.0213283 0.0172006 0.0138026 -0.0362853 0.0086656 0.00507038 0.00419751 -0.00114797 0.00671047 0.0101103 0.000635175 0.0112043 -0.00235573 -0.0573169 -0.0114944 0.00778804 -0.0051316 -0.000409785 0.00131395 -0.0141419 0.00344411 -0.0175785
Debug: Line causing issue: 253 -0.195151 1.05702 1.24404 1.92652 -0.59397 1.96991 0.273052 0.77716 -0.0233845 -0.00332804 -0.035686 -0.00766446 0.0401091 -0.0364973 -0.00730526 -0.0233383 -0.180343 -0.0937565 -0.0341384 -0.00974258 -0.101469 -0.0412327 -0.088466 -0.160154 -0.0158138 0.0558949 -0.0080831 0.0211049 -0.0164612 -0.0600456 -0.0364947 -0.0215899 -0.0339887 0.0067484 -0.010253 -0.00594591 -0.0124039 0.0173319 -0.00482402 -0.000862273 0.0439447 0.0153743 -0.00354386 0.0267415 -0.00965287 -0.00634404 0.0099
Debug: Line causing issue: 4 0.584422 1.38254 0.591755 -0.361672 0.591065 0.858993 2.03704 0.533334 -0.254787 2.10747 -0.0637743 0.0760956 -0.151197 -0.121104 -0.0260202 -0.210205 0.194725 -0.170037 0.00881475 -0.0 0.00324169 -0.0159824 0.0826364 -0.0463337 -0.0261936 0.00465947
Debug: Line causing issue: 4 0.584422 1.38254 0.591755 -0.361672 0.591065 0.858993 2.03704 0.533334 -0.254787 2.10747 -0.0637743 0.0760956 -0.151197 -0.121104 -0.0260202 -0.210205 0.194725 -0.170037 0.00881475 -0.0 0.00324169 -0.0159824 0.0826364 -0.0463337 -0.0261936 0.00465947
Debug: Line causing issue: 410 -2.37713 1.84092 -1.08553 -0.0314416 0.244369 0.332954 0.404994 0.142113 -0.459331 -0.812057 0.675745 0.753776 0.522657 -0.354645 -0.35714 0.0228283 0.0757299 -0.778111 -0.127416 0.0275674 -0.137141 -0.518929 -0.13731 -0.147419 -0.0287814 0.0344421 0.0253928 -0.0
Exception ignored in: <function Pool.__del__ at 0x7f218be849a0>
Traceback (most recent call last):
  File "/usr/lib/python3.11/multiprocessing/pool.py", line 271, in __del__
  File "/usr/lib/python3.11/multiprocessing/queues.py", line 371, in put
AttributeError: 'NoneType' object has no attribute 'dumps'
Started iteration:  biased_diff_DPAH
algorithim run is complete:     4 mins 41.62588357925415s

Started iteration:  biased_diff_cl
algorithim run is complete:     2 mins 57.37059307098389s

Started iteration:  biased_same_DPAH
algorithim run is complete:     3 mins 26.387186765670776s

Started iteration:  biased_same_cl
algorithim run is complete:     2 mins 56.78086018562317s

Started iteration:  bridge_diff_DPAH
algorithim run is complete:     3 mins 26.414177417755127s

Started iteration:  bridge_diff_cl
algorithim run is complete:     3 mins 40.69490957260132s

Started iteration:  bridge_same_DPAH
algorithim run is complete:     3 mins 27.047115087509155s

Started iteration:  bridge_same_cl
algorithim run is complete:     3 mins 36.31127214431763s

Started iteration:  node2vec_None_DPAH
algorithim run is complete:  2263 mins 7.8829026222229s

Started iteration:  node2vec_None_cl
algorithim run is complete:  1804 mins 23.94881010055542s

Started iteration:  wtf_None_DPAH
algorithim run is complete:   141 mins 26.78143048286438s

Runtime is complete: 70.536544541253) hours,  4232 mins 11.560348510742188s

Started iteration:  biased_diff_cl
algorithim run is complete:     3 mins 51.02108716964722s

Started iteration:  biased_same_cl
algorithim run is complete:     3 mins 48.260478496551514s

Started iteration:  bridge_diff_cl
algorithim run is complete:     4 mins 45.548213958740234s

Started iteration:  bridge_same_cl
algorithim run is complete:     4 mins 20.404210567474365s

Started iteration:  random_None_cl
algorithim run is complete:     4 mins 31.123244762420654s

Runtime is complete: 0.28797154823939003) hours,    17 mins 16.6975736618042s

Started iteration:  biased_diff_cl
algorithim run is complete:     3 mins 0.6602346897125244s

Started iteration:  biased_same_cl
algorithim run is complete:     3 mins 51.074344873428345s

Started iteration:  bridge_diff_cl
algorithim run is complete:     4 mins 52.60743069648743s

Started iteration:  bridge_same_cl
algorithim run is complete:     4 mins 28.697185516357422s

Started iteration:  random_None_cl
algorithim run is complete:     4 mins 40.06449222564697s

Started iteration:  None_None_cl
algorithim run is complete:     3 mins 56.88750123977661s

Runtime is complete: 0.3473035432232751) hours,    21 mins 50.29275560379028s

Started iteration:  biased_diff_cl
algorithim run is complete:     3 mins 0.10335135459899902s

Started iteration:  biased_same_cl
algorithim run is complete:     3 mins 3.020113706588745s

Started iteration:  bridge_diff_cl
algorithim run is complete:     4 mins 10.97939157485962s

Started iteration:  bridge_same_cl
algorithim run is complete:     4 mins 28.3050434589386s

Started iteration:  random_None_cl
algorithim run is complete:     4 mins 39.27836513519287s

Started iteration:  None_None_cl
algorithim run is complete:     3 mins 7.216640949249268s

Runtime is complete: 0.35811292264196604) hours,    21 mins 29.20652151107788s

